
running 8 tests
test odometry_math::tests::test_modulo ... ok
test point::tests::test_neighbor ... ok
test tests::test1 ... ok
test tests::test2 ... FAILED
test tests::test3 ... ok
test tests::test_edge ... ok
test search_iter::tests::test_a_star ... ok
test tests::test_parse ... ok

failures:

---- tests::test2 stdout ----
00000
00100


thread 'tests::test2' panicked at src/lib.rs:614:9:
assertion `left == right` failed
  left: "00000\n00100\n"
 right: "00100\n00000\n"
note: run with `RUST_BACKTRACE=1` environment variable to display a backtrace


failures:
    tests::test2

test result: FAILED. 7 passed; 1 failed; 0 ignored; 0 measured; 0 filtered out; finished in 0.02s

